2024-12-09 16:55:14,669 - SimpleLogger - INFO - file_path:::::::::::
 /Users/aliancn/code/python/Financial-identification/whu/image.jpg

2024-12-09 16:55:14,669 - SimpleLogger - INFO - output:::::::::::
 <generator object TableRecPipeline.predict at 0x17fba0890>

2024-12-09 16:55:14,669 - SimpleLogger - INFO - output_dir:::::::::::
 /Users/aliancn/code/python/Financial-identification/ocr_receipt/output

2024-12-09 16:55:18,760 - SimpleLogger - INFO - paths:::::::::::
 {'image_path': '/Users/aliancn/code/python/Financial-identification/ocr_receipt/output/result_0.jpg', 'json_path': '/Users/aliancn/code/python/Financial-identification/ocr_receipt/output/result_0.json'}

2024-12-09 16:55:19,238 - SimpleLogger - INFO - qr_data:::::::::::
 None

2024-12-09 16:55:19,239 - SimpleLogger - INFO - fields:::::::::::
 {
    "InvoiceNum": "",
    "InvoiceDate": "",
    "NoteDrawer": "",
    "TotalAmount": "",
    "TotalTax": "",
    "SellerName": "",
    "SellerRegisterNum": "",
    "PurchaserName": "",
    "PurchaserRegisterNum": "",
    "CommodityDetails": [],
    "totalPay": ""
}

2024-12-09 16:55:19,245 - SimpleLogger - INFO - ocr_text:::::::::::
 {
    "InvoiceNum": "",
    "InvoiceDate": "",
    "NoteDrawer": "",
    "TotalAmount": "",
    "TotalTax": "",
    "SellerName": "",
    "SellerRegisterNum": "",
    "PurchaserName": "",
    "PurchaserRegisterNum": "",
    "CommodityDetails": [],
    "totalPay": ""
}

2024-12-09 16:55:19,245 - SimpleLogger - INFO - extracted_fields:::::::::::
 {
    "InvoiceNum": "",
    "InvoiceDate": "",
    "NoteDrawer": "",
    "TotalAmount": "",
    "TotalTax": "",
    "SellerName": "",
    "SellerRegisterNum": "",
    "PurchaserName": "",
    "PurchaserRegisterNum": "",
    "CommodityDetails": [],
    "totalPay": ""
} 

2024-12-09 16:57:12,353 - SimpleLogger - INFO - file_path:::::::::::
 /Users/aliancn/code/python/Financial-identification/whu/image.png

2024-12-09 16:57:12,353 - SimpleLogger - INFO - output:::::::::::
 <generator object TableRecPipeline.predict at 0x17f6a0820>

2024-12-09 16:57:12,353 - SimpleLogger - INFO - output_dir:::::::::::
 /Users/aliancn/code/python/Financial-identification/ocr_receipt/output

2024-12-09 16:57:21,183 - SimpleLogger - INFO - paths:::::::::::
 {'image_path': '/Users/aliancn/code/python/Financial-identification/ocr_receipt/output/result_0.jpg', 'json_path': '/Users/aliancn/code/python/Financial-identification/ocr_receipt/output/result_0.json'}

2024-12-09 16:57:21,305 - SimpleLogger - INFO - qr_data:::::::::::
 ['01', '32', ' ', '24952000000029282138', '166.84', '20240311', ' ', '6C1E']

2024-12-09 16:57:21,306 - SimpleLogger - INFO - fields:::::::::::
 {
    "InvoiceNum": "24952000000029282138",
    "InvoiceDate": "2024年03月11日",
    "NoteDrawer": "王柏友",
    "TotalAmount": "166.84",
    "TotalTax": "19.19",
    "SellerName": "深圳嘉立创科技集团股份有限公司",
    "SellerRegisterNum": "91440300795432869Y",
    "PurchaserName": "迈禾科技有限公司",
    "PurchaserRegisterNum": "91420111MA4KMELF75",
    "CommodityDetails": [
        "*印制电路板*线路板",
        "台",
        "计"
    ],
    "totalPay": "166.84"
}

2024-12-09 16:57:21,308 - SimpleLogger - INFO - ocr_text:::::::::::
 {
    "InvoiceNum": "24952000000029282138",
    "InvoiceDate": "2024年03月11日",
    "NoteDrawer": "王柏友",
    "TotalAmount": "166.84",
    "TotalTax": "19.19",
    "SellerName": "深圳嘉立创科技集团股份有限公司",
    "SellerRegisterNum": "91440300795432869Y",
    "PurchaserName": "迈禾科技有限公司",
    "PurchaserRegisterNum": "91420111MA4KMELF75",
    "CommodityDetails": [
        "*印制电路板*线路板",
        "台",
        "计"
    ],
    "totalPay": "166.84"
}

2024-12-09 16:57:21,308 - SimpleLogger - INFO - extracted_fields:::::::::::
 {
    "InvoiceNum": "24952000000029282138",
    "InvoiceDate": "2024年03月11日",
    "NoteDrawer": "王柏友",
    "TotalAmount": "166.84",
    "TotalTax": "19.19",
    "SellerName": "深圳嘉立创科技集团股份有限公司",
    "SellerRegisterNum": "91440300795432869Y",
    "PurchaserName": "迈禾科技有限公司",
    "PurchaserRegisterNum": "91420111MA4KMELF75",
    "CommodityDetails": [
        "*印制电路板*线路板",
        "台",
        "计"
    ],
    "totalPay": "166.84"
} 

2024-12-09 16:58:50,070 - SimpleLogger - INFO - file_path:::::::::::
 /Users/aliancn/code/python/Financial-identification/whu/image.png

2024-12-09 16:58:50,070 - SimpleLogger - INFO - output:::::::::::
 <generator object TableRecPipeline.predict at 0x1790a8820>

2024-12-09 16:58:50,070 - SimpleLogger - INFO - output_dir:::::::::::
 /Users/aliancn/code/python/Financial-identification/ocr_receipt/output

2024-12-09 16:58:58,671 - SimpleLogger - INFO - paths:::::::::::
 {'image_path': '/Users/aliancn/code/python/Financial-identification/ocr_receipt/output/result_0.jpg', 'json_path': '/Users/aliancn/code/python/Financial-identification/ocr_receipt/output/result_0.json'}

2024-12-09 16:58:58,827 - SimpleLogger - INFO - qr_data:::::::::::
 ['01', '32', ' ', '24952000000029282138', '166.84', '20240311', ' ', '6C1E']

2024-12-09 16:58:58,829 - SimpleLogger - INFO - fields:::::::::::
 {
    "InvoiceNum": "24952000000029282138",
    "InvoiceDate": "2024年03月11日",
    "NoteDrawer": "王柏友",
    "TotalAmount": "166.84",
    "TotalTax": "19.19",
    "SellerName": "深圳嘉立创科技集团股份有限公司",
    "SellerRegisterNum": "91440300795432869Y",
    "PurchaserName": "迈禾科技有限公司",
    "PurchaserRegisterNum": "91420111MA4KMELF75",
    "CommodityDetails": [
        "*印制电路板*线路板",
        "台",
        "计"
    ],
    "totalPay": "166.84"
}

2024-12-09 16:58:58,831 - SimpleLogger - INFO - ocr_text:::::::::::
 {
    "InvoiceNum": "24952000000029282138",
    "InvoiceDate": "2024年03月11日",
    "NoteDrawer": "王柏友",
    "TotalAmount": "166.84",
    "TotalTax": "19.19",
    "SellerName": "深圳嘉立创科技集团股份有限公司",
    "SellerRegisterNum": "91440300795432869Y",
    "PurchaserName": "迈禾科技有限公司",
    "PurchaserRegisterNum": "91420111MA4KMELF75",
    "CommodityDetails": [
        "*印制电路板*线路板",
        "台",
        "计"
    ],
    "totalPay": "166.84"
}

2024-12-09 16:58:58,831 - SimpleLogger - INFO - extracted_fields:::::::::::
 {
    "InvoiceNum": "24952000000029282138",
    "InvoiceDate": "2024年03月11日",
    "NoteDrawer": "王柏友",
    "TotalAmount": "166.84",
    "TotalTax": "19.19",
    "SellerName": "深圳嘉立创科技集团股份有限公司",
    "SellerRegisterNum": "91440300795432869Y",
    "PurchaserName": "迈禾科技有限公司",
    "PurchaserRegisterNum": "91420111MA4KMELF75",
    "CommodityDetails": [
        "*印制电路板*线路板",
        "台",
        "计"
    ],
    "totalPay": "166.84"
} 

2024-12-09 17:01:26,242 - SimpleLogger - INFO - file_path:::::::::::
 /Users/aliancn/code/python/Financial-identification/whu/image.png

2024-12-09 17:01:26,242 - SimpleLogger - INFO - output:::::::::::
 <generator object TableRecPipeline.predict at 0x17e3a8890>

2024-12-09 17:01:26,242 - SimpleLogger - INFO - output_dir:::::::::::
 /Users/aliancn/code/python/Financial-identification/ocr_receipt/output

2024-12-09 17:01:35,078 - SimpleLogger - INFO - paths:::::::::::
 {'image_path': '/Users/aliancn/code/python/Financial-identification/ocr_receipt/output/result_0.jpg', 'json_path': '/Users/aliancn/code/python/Financial-identification/ocr_receipt/output/result_0.json'}

2024-12-09 17:01:35,194 - SimpleLogger - INFO - qr_data:::::::::::
 ['01', '32', ' ', '24952000000029282138', '166.84', '20240311', ' ', '6C1E']

2024-12-09 17:01:35,197 - SimpleLogger - INFO - fields:::::::::::
 {
    "InvoiceNum": "24952000000029282138",
    "InvoiceDate": "2024年03月11日",
    "NoteDrawer": "王柏友",
    "TotalAmount": "166.84",
    "TotalTax": "19.19",
    "SellerName": "深圳嘉立创科技集团股份有限公司",
    "SellerRegisterNum": "91440300795432869Y",
    "PurchaserName": "迈禾科技有限公司",
    "PurchaserRegisterNum": "91420111MA4KMELF75",
    "CommodityDetails": [
        "*印制电路板*线路板",
        "台",
        "计"
    ],
    "totalPay": "166.84"
}

2024-12-09 17:01:35,199 - SimpleLogger - INFO - ocr_text:::::::::::
 {
    "InvoiceNum": "24952000000029282138",
    "InvoiceDate": "2024年03月11日",
    "NoteDrawer": "王柏友",
    "TotalAmount": "166.84",
    "TotalTax": "19.19",
    "SellerName": "深圳嘉立创科技集团股份有限公司",
    "SellerRegisterNum": "91440300795432869Y",
    "PurchaserName": "迈禾科技有限公司",
    "PurchaserRegisterNum": "91420111MA4KMELF75",
    "CommodityDetails": [
        "*印制电路板*线路板",
        "台",
        "计"
    ],
    "totalPay": "166.84"
}

2024-12-09 17:01:35,199 - SimpleLogger - INFO - extracted_fields:::::::::::
 {
    "InvoiceNum": "24952000000029282138",
    "InvoiceDate": "2024年03月11日",
    "NoteDrawer": "王柏友",
    "TotalAmount": "166.84",
    "TotalTax": "19.19",
    "SellerName": "深圳嘉立创科技集团股份有限公司",
    "SellerRegisterNum": "91440300795432869Y",
    "PurchaserName": "迈禾科技有限公司",
    "PurchaserRegisterNum": "91420111MA4KMELF75",
    "CommodityDetails": [
        "*印制电路板*线路板",
        "台",
        "计"
    ],
    "totalPay": "166.84"
} 

2024-12-09 17:02:29,933 - SimpleLogger - INFO - file_path:::::::::::
 /Users/aliancn/code/python/Financial-identification/whu/image.png

2024-12-09 17:02:29,933 - SimpleLogger - INFO - output:::::::::::
 <generator object TableRecPipeline.predict at 0x17efa0900>

2024-12-09 17:02:29,933 - SimpleLogger - INFO - output_dir:::::::::::
 /Users/aliancn/code/python/Financial-identification/ocr_receipt/output

2024-12-09 17:02:38,866 - SimpleLogger - INFO - paths:::::::::::
 {'image_path': '/Users/aliancn/code/python/Financial-identification/ocr_receipt/output/result_0.jpg', 'json_path': '/Users/aliancn/code/python/Financial-identification/ocr_receipt/output/result_0.json'}

2024-12-09 17:02:38,984 - SimpleLogger - INFO - qr_data:::::::::::
 ['01', '32', ' ', '24952000000029282138', '166.84', '20240311', ' ', '6C1E']

2024-12-09 17:02:38,986 - SimpleLogger - INFO - fields:::::::::::
 {
    "InvoiceNum": "24952000000029282138",
    "InvoiceDate": "2024年03月11日",
    "NoteDrawer": "王柏友",
    "TotalAmount": "166.84",
    "TotalTax": "19.19",
    "SellerName": "深圳嘉立创科技集团股份有限公司",
    "SellerRegisterNum": "91440300795432869Y",
    "PurchaserName": "迈禾科技有限公司",
    "PurchaserRegisterNum": "91420111MA4KMELF75",
    "CommodityDetails": [
        "*印制电路板*线路板",
        "台",
        "计"
    ],
    "totalPay": "166.84"
}

2024-12-09 17:02:38,988 - SimpleLogger - INFO - ocr_text:::::::::::
 {
    "InvoiceNum": "24952000000029282138",
    "InvoiceDate": "2024年03月11日",
    "NoteDrawer": "王柏友",
    "TotalAmount": "166.84",
    "TotalTax": "19.19",
    "SellerName": "深圳嘉立创科技集团股份有限公司",
    "SellerRegisterNum": "91440300795432869Y",
    "PurchaserName": "迈禾科技有限公司",
    "PurchaserRegisterNum": "91420111MA4KMELF75",
    "CommodityDetails": [
        "*印制电路板*线路板",
        "台",
        "计"
    ],
    "totalPay": "166.84"
}

2024-12-09 17:02:38,988 - SimpleLogger - INFO - extracted_fields:::::::::::
 {
    "InvoiceNum": "24952000000029282138",
    "InvoiceDate": "2024年03月11日",
    "NoteDrawer": "王柏友",
    "TotalAmount": "166.84",
    "TotalTax": "19.19",
    "SellerName": "深圳嘉立创科技集团股份有限公司",
    "SellerRegisterNum": "91440300795432869Y",
    "PurchaserName": "迈禾科技有限公司",
    "PurchaserRegisterNum": "91420111MA4KMELF75",
    "CommodityDetails": [
        "*印制电路板*线路板",
        "台",
        "计"
    ],
    "totalPay": "166.84"
} 

2024-12-09 17:03:23,149 - SimpleLogger - INFO - file_path:::::::::::
 /Users/aliancn/code/python/Financial-identification/whu/image.png

2024-12-09 17:03:23,149 - SimpleLogger - INFO - output:::::::::::
 <generator object TableRecPipeline.predict at 0x17f59c900>

2024-12-09 17:03:23,149 - SimpleLogger - INFO - output_dir:::::::::::
 /Users/aliancn/code/python/Financial-identification/ocr_receipt/output

2024-12-09 17:03:31,951 - SimpleLogger - INFO - paths:::::::::::
 {'image_path': '/Users/aliancn/code/python/Financial-identification/ocr_receipt/output/result_0.jpg', 'json_path': '/Users/aliancn/code/python/Financial-identification/ocr_receipt/output/result_0.json'}

2024-12-09 17:03:32,064 - SimpleLogger - INFO - qr_data:::::::::::
 ['01', '32', ' ', '24952000000029282138', '166.84', '20240311', ' ', '6C1E']

2024-12-09 17:03:32,067 - SimpleLogger - INFO - fields:::::::::::
 {
    "InvoiceNum": "24952000000029282138",
    "InvoiceDate": "2024年03月11日",
    "NoteDrawer": "王柏友",
    "TotalAmount": "166.84",
    "TotalTax": "19.19",
    "SellerName": "深圳嘉立创科技集团股份有限公司",
    "SellerRegisterNum": "91440300795432869Y",
    "PurchaserName": "迈禾科技有限公司",
    "PurchaserRegisterNum": "91420111MA4KMELF75",
    "CommodityDetails": [
        "*印制电路板*线路板",
        "台",
        "计"
    ],
    "totalPay": "166.84"
}

2024-12-09 17:03:32,069 - SimpleLogger - INFO - ocr_text:::::::::::
 {
    "InvoiceNum": "24952000000029282138",
    "InvoiceDate": "2024年03月11日",
    "NoteDrawer": "王柏友",
    "TotalAmount": "166.84",
    "TotalTax": "19.19",
    "SellerName": "深圳嘉立创科技集团股份有限公司",
    "SellerRegisterNum": "91440300795432869Y",
    "PurchaserName": "迈禾科技有限公司",
    "PurchaserRegisterNum": "91420111MA4KMELF75",
    "CommodityDetails": [
        "*印制电路板*线路板",
        "台",
        "计"
    ],
    "totalPay": "166.84"
}

2024-12-09 17:03:32,069 - SimpleLogger - INFO - extracted_fields:::::::::::
 {
    "InvoiceNum": "24952000000029282138",
    "InvoiceDate": "2024年03月11日",
    "NoteDrawer": "王柏友",
    "TotalAmount": "166.84",
    "TotalTax": "19.19",
    "SellerName": "深圳嘉立创科技集团股份有限公司",
    "SellerRegisterNum": "91440300795432869Y",
    "PurchaserName": "迈禾科技有限公司",
    "PurchaserRegisterNum": "91420111MA4KMELF75",
    "CommodityDetails": [
        "*印制电路板*线路板",
        "台",
        "计"
    ],
    "totalPay": "166.84"
} 

2024-12-09 17:05:49,504 - SimpleLogger - INFO - file_path:::::::::::
 /Users/aliancn/code/python/Financial-identification/whu/image.png

2024-12-09 17:05:49,504 - SimpleLogger - INFO - output:::::::::::
 <generator object TableRecPipeline.predict at 0x1777ac890>

2024-12-09 17:05:49,504 - SimpleLogger - INFO - output_dir:::::::::::
 /Users/aliancn/code/python/Financial-identification/ocr_receipt/output

2024-12-09 17:05:58,312 - SimpleLogger - INFO - paths:::::::::::
 {'image_path': '/Users/aliancn/code/python/Financial-identification/ocr_receipt/output/result_0.jpg', 'json_path': '/Users/aliancn/code/python/Financial-identification/ocr_receipt/output/result_0.json'}

2024-12-09 17:05:58,455 - SimpleLogger - INFO - qr_data:::::::::::
 ['01', '32', ' ', '24952000000029282138', '166.84', '20240311', ' ', '6C1E']

2024-12-09 17:05:58,459 - SimpleLogger - INFO - fields:::::::::::
 {
    "InvoiceNum": "24952000000029282138",
    "InvoiceDate": "2024年03月11日",
    "NoteDrawer": "王柏友",
    "TotalAmount": "166.84",
    "TotalTax": "19.19",
    "SellerName": "深圳嘉立创科技集团股份有限公司",
    "SellerRegisterNum": "91440300795432869Y",
    "PurchaserName": "迈禾科技有限公司",
    "PurchaserRegisterNum": "91420111MA4KMELF75",
    "CommodityDetails": [
        "*印制电路板*线路板",
        "台",
        "计"
    ],
    "totalPay": "166.84"
}

2024-12-09 17:05:58,462 - SimpleLogger - INFO - ocr_text:::::::::::
 {
    "InvoiceNum": "24952000000029282138",
    "InvoiceDate": "2024年03月11日",
    "NoteDrawer": "王柏友",
    "TotalAmount": "166.84",
    "TotalTax": "19.19",
    "SellerName": "深圳嘉立创科技集团股份有限公司",
    "SellerRegisterNum": "91440300795432869Y",
    "PurchaserName": "迈禾科技有限公司",
    "PurchaserRegisterNum": "91420111MA4KMELF75",
    "CommodityDetails": [
        "*印制电路板*线路板",
        "台",
        "计"
    ],
    "totalPay": "166.84"
}

2024-12-09 17:05:58,462 - SimpleLogger - INFO - extracted_fields:::::::::::
 {
    "InvoiceNum": "24952000000029282138",
    "InvoiceDate": "2024年03月11日",
    "NoteDrawer": "王柏友",
    "TotalAmount": "166.84",
    "TotalTax": "19.19",
    "SellerName": "深圳嘉立创科技集团股份有限公司",
    "SellerRegisterNum": "91440300795432869Y",
    "PurchaserName": "迈禾科技有限公司",
    "PurchaserRegisterNum": "91420111MA4KMELF75",
    "CommodityDetails": [
        "*印制电路板*线路板",
        "台",
        "计"
    ],
    "totalPay": "166.84"
} 

2024-12-09 17:09:52,914 - SimpleLogger - INFO - file_path:::::::::::
 /Users/aliancn/code/python/Financial-identification/whu/image.png

2024-12-09 17:09:52,914 - SimpleLogger - INFO - output:::::::::::
 <generator object TableRecPipeline.predict at 0x1748ac890>

2024-12-09 17:09:52,914 - SimpleLogger - INFO - output_dir:::::::::::
 /Users/aliancn/code/python/Financial-identification/ocr_receipt/output

2024-12-09 17:10:01,809 - SimpleLogger - INFO - paths:::::::::::
 {'image_path': '/Users/aliancn/code/python/Financial-identification/ocr_receipt/output/result_0.jpg', 'json_path': '/Users/aliancn/code/python/Financial-identification/ocr_receipt/output/result_0.json'}

2024-12-09 17:10:01,925 - SimpleLogger - INFO - qr_data:::::::::::
 ['01', '32', ' ', '24952000000029282138', '166.84', '20240311', ' ', '6C1E']

2024-12-09 17:10:01,927 - SimpleLogger - INFO - fields:::::::::::
 {
    "InvoiceNum": "24952000000029282138",
    "InvoiceDate": "2024年03月11日",
    "NoteDrawer": "王柏友",
    "TotalAmount": "166.84",
    "TotalTax": "19.19",
    "SellerName": "深圳嘉立创科技集团股份有限公司",
    "SellerRegisterNum": "91440300795432869Y",
    "PurchaserName": "迈禾科技有限公司",
    "PurchaserRegisterNum": "91420111MA4KMELF75",
    "CommodityDetails": [
        "*印制电路板*线路板",
        "台",
        "计"
    ],
    "totalPay": "166.84"
}

2024-12-09 17:10:01,929 - SimpleLogger - INFO - ocr_text:::::::::::
 {
    "InvoiceNum": "24952000000029282138",
    "InvoiceDate": "2024年03月11日",
    "NoteDrawer": "王柏友",
    "TotalAmount": "166.84",
    "TotalTax": "19.19",
    "SellerName": "深圳嘉立创科技集团股份有限公司",
    "SellerRegisterNum": "91440300795432869Y",
    "PurchaserName": "迈禾科技有限公司",
    "PurchaserRegisterNum": "91420111MA4KMELF75",
    "CommodityDetails": [
        "*印制电路板*线路板",
        "台",
        "计"
    ],
    "totalPay": "166.84"
}

2024-12-09 17:10:01,929 - SimpleLogger - INFO - extracted_fields:::::::::::
 {
    "InvoiceNum": "24952000000029282138",
    "InvoiceDate": "2024年03月11日",
    "NoteDrawer": "王柏友",
    "TotalAmount": "166.84",
    "TotalTax": "19.19",
    "SellerName": "深圳嘉立创科技集团股份有限公司",
    "SellerRegisterNum": "91440300795432869Y",
    "PurchaserName": "迈禾科技有限公司",
    "PurchaserRegisterNum": "91420111MA4KMELF75",
    "CommodityDetails": [
        "*印制电路板*线路板",
        "台",
        "计"
    ],
    "totalPay": "166.84"
} 

2024-12-09 17:10:01,929 - SimpleLogger - INFO - commodity_details::::::::::::
 {extracted_fields[5]}
2024-12-09 17:11:11,708 - SimpleLogger - INFO - file_path:::::::::::
 /Users/aliancn/code/python/Financial-identification/whu/image.png

2024-12-09 17:11:11,708 - SimpleLogger - INFO - output:::::::::::
 <generator object TableRecPipeline.predict at 0x17f8ac820>

2024-12-09 17:11:11,708 - SimpleLogger - INFO - output_dir:::::::::::
 /Users/aliancn/code/python/Financial-identification/ocr_receipt/output

2024-12-09 17:11:20,338 - SimpleLogger - INFO - paths:::::::::::
 {'image_path': '/Users/aliancn/code/python/Financial-identification/ocr_receipt/output/result_0.jpg', 'json_path': '/Users/aliancn/code/python/Financial-identification/ocr_receipt/output/result_0.json'}

2024-12-09 17:11:20,456 - SimpleLogger - INFO - qr_data:::::::::::
 ['01', '32', ' ', '24952000000029282138', '166.84', '20240311', ' ', '6C1E']

2024-12-09 17:11:20,458 - SimpleLogger - INFO - fields:::::::::::
 {
    "InvoiceNum": "24952000000029282138",
    "InvoiceDate": "2024年03月11日",
    "NoteDrawer": "王柏友",
    "TotalAmount": "166.84",
    "TotalTax": "19.19",
    "SellerName": "深圳嘉立创科技集团股份有限公司",
    "SellerRegisterNum": "91440300795432869Y",
    "PurchaserName": "迈禾科技有限公司",
    "PurchaserRegisterNum": "91420111MA4KMELF75",
    "CommodityDetails": [
        "*印制电路板*线路板",
        "台",
        "计"
    ],
    "totalPay": "166.84"
}

2024-12-09 17:11:20,460 - SimpleLogger - INFO - ocr_text:::::::::::
 {
    "InvoiceNum": "24952000000029282138",
    "InvoiceDate": "2024年03月11日",
    "NoteDrawer": "王柏友",
    "TotalAmount": "166.84",
    "TotalTax": "19.19",
    "SellerName": "深圳嘉立创科技集团股份有限公司",
    "SellerRegisterNum": "91440300795432869Y",
    "PurchaserName": "迈禾科技有限公司",
    "PurchaserRegisterNum": "91420111MA4KMELF75",
    "CommodityDetails": [
        "*印制电路板*线路板",
        "台",
        "计"
    ],
    "totalPay": "166.84"
}

2024-12-09 17:11:20,460 - SimpleLogger - INFO - extracted_fields:::::::::::
 {
    "InvoiceNum": "24952000000029282138",
    "InvoiceDate": "2024年03月11日",
    "NoteDrawer": "王柏友",
    "TotalAmount": "166.84",
    "TotalTax": "19.19",
    "SellerName": "深圳嘉立创科技集团股份有限公司",
    "SellerRegisterNum": "91440300795432869Y",
    "PurchaserName": "迈禾科技有限公司",
    "PurchaserRegisterNum": "91420111MA4KMELF75",
    "CommodityDetails": [
        "*印制电路板*线路板",
        "台",
        "计"
    ],
    "totalPay": "166.84"
} 

2024-12-09 17:11:20,460 - SimpleLogger - INFO - coms::::::::::::
   

2024-12-09 17:11:34,988 - SimpleLogger - INFO - file_path:::::::::::
 /Users/aliancn/code/python/Financial-identification/whu/image.png

2024-12-09 17:11:34,988 - SimpleLogger - INFO - output:::::::::::
 <generator object TableRecPipeline.predict at 0x16b5ac890>

2024-12-09 17:11:34,988 - SimpleLogger - INFO - output_dir:::::::::::
 /Users/aliancn/code/python/Financial-identification/ocr_receipt/output

2024-12-09 17:11:44,920 - SimpleLogger - INFO - paths:::::::::::
 {'image_path': '/Users/aliancn/code/python/Financial-identification/ocr_receipt/output/result_0.jpg', 'json_path': '/Users/aliancn/code/python/Financial-identification/ocr_receipt/output/result_0.json'}

2024-12-09 17:11:45,059 - SimpleLogger - INFO - qr_data:::::::::::
 ['01', '32', ' ', '24952000000029282138', '166.84', '20240311', ' ', '6C1E']

2024-12-09 17:11:45,062 - SimpleLogger - INFO - fields:::::::::::
 {
    "InvoiceNum": "24952000000029282138",
    "InvoiceDate": "2024年03月11日",
    "NoteDrawer": "王柏友",
    "TotalAmount": "166.84",
    "TotalTax": "19.19",
    "SellerName": "深圳嘉立创科技集团股份有限公司",
    "SellerRegisterNum": "91440300795432869Y",
    "PurchaserName": "迈禾科技有限公司",
    "PurchaserRegisterNum": "91420111MA4KMELF75",
    "CommodityDetails": [
        "*印制电路板*线路板",
        "台",
        "计"
    ],
    "totalPay": "166.84"
}

2024-12-09 17:11:45,066 - SimpleLogger - INFO - ocr_text:::::::::::
 {
    "InvoiceNum": "24952000000029282138",
    "InvoiceDate": "2024年03月11日",
    "NoteDrawer": "王柏友",
    "TotalAmount": "166.84",
    "TotalTax": "19.19",
    "SellerName": "深圳嘉立创科技集团股份有限公司",
    "SellerRegisterNum": "91440300795432869Y",
    "PurchaserName": "迈禾科技有限公司",
    "PurchaserRegisterNum": "91420111MA4KMELF75",
    "CommodityDetails": [
        "*印制电路板*线路板",
        "台",
        "计"
    ],
    "totalPay": "166.84"
}

2024-12-09 17:11:45,067 - SimpleLogger - INFO - extracted_fields:::::::::::
 {
    "InvoiceNum": "24952000000029282138",
    "InvoiceDate": "2024年03月11日",
    "NoteDrawer": "王柏友",
    "TotalAmount": "166.84",
    "TotalTax": "19.19",
    "SellerName": "深圳嘉立创科技集团股份有限公司",
    "SellerRegisterNum": "91440300795432869Y",
    "PurchaserName": "迈禾科技有限公司",
    "PurchaserRegisterNum": "91420111MA4KMELF75",
    "CommodityDetails": [
        "*印制电路板*线路板",
        "台",
        "计"
    ],
    "totalPay": "166.84"
} 

2024-12-09 17:11:45,067 - SimpleLogger - INFO - coms::::::::::::
 
 

2024-12-09 17:14:50,947 - SimpleLogger - INFO - ocr_text:::::::::::
 {'InvoiceNum': '24952000000029282138', 'InvoiceDate': '2024年03月11日', 'NoteDrawer': '王柏友', 'TotalAmount': '166.84', 'TotalTax': '19.19', 'SellerName': '深圳嘉立创科技集团股份有限公司', 'SellerRegisterNum': '91440300795432869Y', 'PurchaserName': '迈禾科技有限公司', 'PurchaserRegisterNum': '91420111MA4KMELF75', 'CommodityDetails': ['*印制电路板*线路板', '台', '计'], 'totalPay': '166.84'}

2024-12-09 17:14:50,947 - SimpleLogger - INFO - extracted_fields:::::::::::
 {'InvoiceNum': '24952000000029282138', 'InvoiceDate': '2024年03月11日', 'NoteDrawer': '王柏友', 'TotalAmount': '166.84', 'TotalTax': '19.19', 'SellerName': '深圳嘉立创科技集团股份有限公司', 'SellerRegisterNum': '91440300795432869Y', 'PurchaserName': '迈禾科技有限公司', 'PurchaserRegisterNum': '91420111MA4KMELF75', 'CommodityDetails': ['*印制电路板*线路板', '台', '计'], 'totalPay': '166.84'} 

2024-12-09 17:14:50,947 - SimpleLogger - INFO - coms::::::::::::
 ['*印制电路板*线路板', '台', '计'] 

2024-12-09 17:17:02,672 - SimpleLogger - INFO - ocr_text:::::::::::
 {'InvoiceNum': '24952000000029282138', 'InvoiceDate': '2024年03月11日', 'NoteDrawer': '王柏友', 'TotalAmount': '166.84', 'TotalTax': '19.19', 'SellerName': '深圳嘉立创科技集团股份有限公司', 'SellerRegisterNum': '91440300795432869Y', 'PurchaserName': '迈禾科技有限公司', 'PurchaserRegisterNum': '91420111MA4KMELF75', 'CommodityDetails': ['*印制电路板*线路板', '台', '计'], 'totalPay': '166.84'}

2024-12-09 17:17:02,672 - SimpleLogger - INFO - extracted_fields:::::::::::
 {'InvoiceNum': '24952000000029282138', 'InvoiceDate': '2024年03月11日', 'NoteDrawer': '王柏友', 'TotalAmount': '166.84', 'TotalTax': '19.19', 'SellerName': '深圳嘉立创科技集团股份有限公司', 'SellerRegisterNum': '91440300795432869Y', 'PurchaserName': '迈禾科技有限公司', 'PurchaserRegisterNum': '91420111MA4KMELF75', 'CommodityDetails': ['*印制电路板*线路板', '台', '计'], 'totalPay': '166.84'} 

2024-12-09 17:17:02,672 - SimpleLogger - INFO - coms::::::::::::
 ['*印制电路板*线路板', '台', '计'] 

2024-12-09 17:18:06,066 - SimpleLogger - INFO - ocr_text:::::::::::
 {'InvoiceNum': '24952000000029282138', 'InvoiceDate': '2024年03月11日', 'NoteDrawer': '王柏友', 'TotalAmount': '166.84', 'TotalTax': '19.19', 'SellerName': '深圳嘉立创科技集团股份有限公司', 'SellerRegisterNum': '91440300795432869Y', 'PurchaserName': '迈禾科技有限公司', 'PurchaserRegisterNum': '91420111MA4KMELF75', 'CommodityDetails': ['*印制电路板*线路板', '台', '计'], 'totalPay': '166.84'}

2024-12-09 17:18:06,067 - SimpleLogger - INFO - extracted_fields:::::::::::
 {'InvoiceNum': '24952000000029282138', 'InvoiceDate': '2024年03月11日', 'NoteDrawer': '王柏友', 'TotalAmount': '166.84', 'TotalTax': '19.19', 'SellerName': '深圳嘉立创科技集团股份有限公司', 'SellerRegisterNum': '91440300795432869Y', 'PurchaserName': '迈禾科技有限公司', 'PurchaserRegisterNum': '91420111MA4KMELF75', 'CommodityDetails': ['*印制电路板*线路板', '台', '计'], 'totalPay': '166.84'} 

2024-12-09 17:18:06,067 - SimpleLogger - INFO - coms::::::::::::
 ['*印制电路板*线路板', '台', '计'] 

2024-12-09 17:20:13,984 - SimpleLogger - INFO - ocr_text:::::::::::
 {'InvoiceNum': '24952000000029282138', 'InvoiceDate': '2024年03月11日', 'NoteDrawer': '王柏友', 'TotalAmount': '166.84', 'TotalTax': '19.19', 'SellerName': '深圳嘉立创科技集团股份有限公司', 'SellerRegisterNum': '91440300795432869Y', 'PurchaserName': '迈禾科技有限公司', 'PurchaserRegisterNum': '91420111MA4KMELF75', 'CommodityDetails': ['*印制电路板*线路板', '台', '计'], 'totalPay': '166.84'}

2024-12-09 17:20:13,984 - SimpleLogger - INFO - extracted_fields:::::::::::
 {'InvoiceNum': '24952000000029282138', 'InvoiceDate': '2024年03月11日', 'NoteDrawer': '王柏友', 'TotalAmount': '166.84', 'TotalTax': '19.19', 'SellerName': '深圳嘉立创科技集团股份有限公司', 'SellerRegisterNum': '91440300795432869Y', 'PurchaserName': '迈禾科技有限公司', 'PurchaserRegisterNum': '91420111MA4KMELF75', 'CommodityDetails': ['*印制电路板*线路板', '台', '计'], 'totalPay': '166.84'} 

2024-12-09 17:20:13,984 - SimpleLogger - INFO - coms::::::::::::
 ['*印制电路板*线路板', '台', '计'] 

2024-12-09 17:21:51,166 - SimpleLogger - INFO - ocr_text:::::::::::
 {'InvoiceNum': '24952000000029282138', 'InvoiceDate': '2024年03月11日', 'NoteDrawer': '王柏友', 'TotalAmount': '166.84', 'TotalTax': '19.19', 'SellerName': '深圳嘉立创科技集团股份有限公司', 'SellerRegisterNum': '91440300795432869Y', 'PurchaserName': '迈禾科技有限公司', 'PurchaserRegisterNum': '91420111MA4KMELF75', 'CommodityDetails': ['*印制电路板*线路板', '台', '计'], 'totalPay': '166.84'}

2024-12-09 17:21:51,166 - SimpleLogger - INFO - extracted_fields:::::::::::
 {'InvoiceNum': '24952000000029282138', 'InvoiceDate': '2024年03月11日', 'NoteDrawer': '王柏友', 'TotalAmount': '166.84', 'TotalTax': '19.19', 'SellerName': '深圳嘉立创科技集团股份有限公司', 'SellerRegisterNum': '91440300795432869Y', 'PurchaserName': '迈禾科技有限公司', 'PurchaserRegisterNum': '91420111MA4KMELF75', 'CommodityDetails': ['*印制电路板*线路板', '台', '计'], 'totalPay': '166.84'} 

2024-12-09 17:21:51,166 - SimpleLogger - INFO - coms::::::::::::
 ['*印制电路板*线路板', '台', '计'] 

2024-12-09 17:22:08,070 - SimpleLogger - INFO - result::::::::::::
 {'extracted_fields': {'InvoiceNum': '24952000000029282138', 'InvoiceDate': '2024年03月11日', 'NoteDrawer': '王柏友', 'TotalAmount': '166.84', 'TotalTax': '19.19', 'SellerName': '深圳嘉立创科技集团股份有限公司', 'SellerRegisterNum': '91440300795432869Y', 'PurchaserName': '迈禾科技有限公司', 'PurchaserRegisterNum': '91420111MA4KMELF75', 'CommodityDetails': ['*印制电路板*线路板', '台', '计'], 'totalPay': '166.84'}, 'category': {'response': '[gMASK]<sop><|user|>\n\n    **输入**：  \n    1. 发票信息：\n    {\'InvoiceNum\': \'24952000000029282138\', \'InvoiceDate\': \'2024年03月11日\', \'NoteDrawer\': \'王柏友\', \'TotalAmount\': \'166.84\', \'TotalTax\': \'19.19\', \'SellerName\': \'深圳嘉立创科技集团股份有限公司\', \'SellerRegisterNum\': \'91440300795432869Y\', \'PurchaserName\': \'迈禾科技有限公司\', \'PurchaserRegisterNum\': \'91420111MA4KMELF75\', \'CommodityDetails\': [\'*印制电路板*线路板\', \'台\', \'计\'], \'totalPay\': \'166.84\'}  \n    2. 用户信息：\n    \n{\n    "UserName": "张三",\n    "Department": "信息管理中心",\n    "post" : "副教授",\n    "Balance": "1000.00",\n}\n\n    3. 报销政策：\n    设备报销政策（编）\n⼤学仪器设备报销管理⽅案\n第⼀章 总则\n第⼀条 ⽬的与适⽤范围\n为规范⼤学仪器设备的采购及报销流程，提⾼资⾦使⽤效益，特制定本⽅案。适⽤于\n全校范围内教职⼯及学⽣因教学、科研、实验等⼯作需要购买仪器设备的报销管理。\n第⼆条 原则\n\ue072\ue094\x00合规性原则：采购和报销需符合学校财务制度及相关法律法规。\n\ue073\ue094\x00合理性原则：采购的设备应与实际教学、科研需求相符。\n\ue074\ue094\x00透明性原则：设备报销须公开透明，接受监督。\n第⼆章 报销⼈⾝份要求\n第三条 报销⼈范围\n报销⼈分为以下三类：\n\ue072\ue094\x00教职⼯：\n学校正式在编教师、科研⼈员及⾏政管理⼈员。\n合同制聘⽤⼈员需提供聘⽤合同。\n\ue073\ue094\x00学⽣：\n硕⼠研究⽣、博⼠研究⽣及承担科研项⽬的本科⽣。\n学⽣报销需导师或项⽬负责⼈签字同意。\n\ue074\ue094\x00校外合作⼈员：\n承担学校合作项⽬的校外科研⼈员，需提供合作协议及项⽬负责⼈审批。\n第四条 报销资格验证\n报销⼈需提交以下材料：\n\ue072\ue094\x00个⼈⾝份认证（如教⼯证、学⽣证）。\ue073\ue094\x00项⽬证明⽂件（如课题⽴项通知书、任务书）。\n\ue074\ue094\x00设备⽤途说明书。\n第三章 报销额度要求\n第五条 报销额度限制\n根据报销⼈⾝份及项⽬类型设定额度：\n\ue072\ue094\x00教职⼯：\n每⼈每年最⾼报销额度为20万元，超出部分需额外审批。\n\ue073\ue094\x00学⽣：\n硕⼠研究⽣：单次报销额度不超过2万元。\n博⼠研究⽣：单次报销额度不超过5万元。\n\ue074\ue094\x00校外合作⼈员：\n报销额度与合作协议规定⼀致。\n第六条 特殊情况审批\n对于超出额度或特殊需求的设备采购，需提交以下材料：\n\ue072\ue094\x00详细的采购⽅案及预算。\n\ue073\ue094\x00使⽤必要性说明。\n\ue074\ue094\x00学校设备管理委员会审批意⻅。\n第四章 对设备的具体要求\n第七条 设备类别\n可报销设备类别包括但不限于：\n\ue072\ue094\x00实验室设备：如显微镜、光谱仪、分析仪器等。\n\ue073\ue094\x00教学辅助设备：如多媒体设备、投影仪、教学模型等。\n\ue074\ue094\x00科研设备：如数据采集仪、测量仪、仿真软件等。\n第⼋条 设备采购要求\n\ue072\ue094\x00必要性：设备采购需与教学或科研任务直接相关。\ue073\ue094\x00性价⽐：优先选择性价⽐⾼的品牌及型号。\n\ue074\ue094\x00环保性：⿎励购买符合节能环保标准的设备。\n第九条 设备价格限制\n\ue072\ue094\x00单价低于5万元的设备，由报销⼈⾃主选择供应商。\n\ue073\ue094\x00单价⾼于5万元的设备，需经校招标部⻔集中采购。\n第五章 报销流程\n第⼗条 报销步骤\n\ue072\ue094\x00申请阶段：\n填写《设备采购报销申请表》。\n附上设备采购发票、合同及验收单。\n\ue073\ue094\x00审批阶段：\n报销⼈所在部⻔初审。\n财务处复审并提交设备管理委员会核准。\n\ue074\ue094\x00报销阶段：\n经审批通过后，提交报销单据⾄财务处。\n财务处审核⽆误后拨付款项。\n第⼗⼀条 审批时限\n正常审批流程不超过10个⼯作⽇，特殊审批流程不超过20个⼯作⽇。\n第六章 其他规定\n第⼗⼆条 设备验收\n\ue072\ue094\x00所有设备采购完成后需进⾏验收，确保与订单⼀致。\n\ue073\ue094\x00验收由设备使⽤⼈及部⻔负责⼈共同完成，并提交验收报告。\n第⼗三条 报销周期\n\ue072\ue094\x00报销申请应在设备采购完成后60天内提交。\ue073\ue094\x00逾期未报销的，需额外说明原因并报设备管理委员会审批。\n第⼗四条 违规处罚\n\ue072\ue094\x00提供虚假发票或不符合要求的设备将追究相关责任。\n\ue073\ue094\x00情节严重的，报销⼈将被列⼊⿊名单，取消后续报销资格。\n第七章 附则\n第⼗五条 本⽅案解释权\n本⽅案由学校财务处及设备管理委员会共同负责解释。\n第⼗六条 ⽣效时间\n本⽅案⾃发布之⽇起施⾏。\n\n    **任务**：  \n    - 判断发票内容是否符合报销政策要求。  \n    - 计算实际可报销金额，并指出超限额或特殊审批需求。  \n    - 提供政策适用的具体条款依据及注意事项。  \n\n    **输出**：  \n    - 报销判断结果（可报销/不可报销）及理由。  \n    - 适用的政策条款及依据。  \n    - 可报销金额及相关限制说明。  \n    - 必要的操作建议或提交材料清单（如需额外审批）。  \n\n    **要求**：  \n    确保推理结果准确且易于理解，反馈信息结构化（JSON 格式），支持多样化政策和复杂报销场景。\n    <|assistant|>\n```json\n{\n  "报销判断结果": "可报销",\n  "理由": "根据提供的发票信息和报销政策，发票内容符合以下要求：\\n1. 发票信息完整，包括发票号码、日期、购买人、销售方、商品明细等。\\n2. 商品明细与设备类别要求相符，即印制电路板属于科研设备类别。\\n3. 报销人张三为教职员工，符合报销人身份要求。\\n4. 报销金额未超过教职员工每年的最高报销额度。",\n  "适用的政策条款及依据": {\n    "总则": "第一章 总则 第三条 报销人范围",\n    "设备类别": "第四章 对设备的具体要求 第七条 设备类别",\n    "报销额度要求": "第三章 报销额度要求 第五条 报销额度限制"\n  },\n  "可报销金额及相关限制说明": {\n    "实际可报销金额": "166.84元",\n    "额度限制": "教职员工每年最高报销额度为20万元，本次报销未超过此限额。"\n  },\n  "操作建议或提交材料清单": {\n    "申请阶段": "填写《设备采购报销申请表》，附上设备采购发票、合同及验收单。",\n    "审批阶段": "报销人所在部门初审，财务处复审并提交设备管理委员会核准。",\n    "注意事项": "1. 确保设备采购与教学或科研任务直接相关。2. 提交报销申请应在设备采购完成后60天内。3. 如有特殊情况，需提交详细的采购方案及预算、使用必要性说明，并等待学校设备管理委员会审批。"\n  }\n}\n```<|user|>'}} 

2024-12-09 18:23:05,704 - SimpleLogger - INFO - result::::::::::::
 {'extracted_fields': {'InvoiceNum': '24952000000029282138', 'InvoiceDate': '2024年03月11日', 'NoteDrawer': '王柏友', 'TotalAmount': '166.84', 'TotalTax': '19.19', 'SellerName': '深圳嘉立创科技集团股份有限公司', 'SellerRegisterNum': '91440300795432869Y', 'PurchaserName': '迈禾科技有限公司', 'PurchaserRegisterNum': '91420111MA4KMELF75', 'CommodityDetails': ['*印制电路板*线路板', '台', '计'], 'totalPay': '166.84'}, 'category': {'response': '[gMASK]<sop><|user|>\n\n    **输入**：  \n    1. 发票信息：\n    {\'InvoiceNum\': \'24952000000029282138\', \'InvoiceDate\': \'2024年03月11日\', \'NoteDrawer\': \'王柏友\', \'TotalAmount\': \'166.84\', \'TotalTax\': \'19.19\', \'SellerName\': \'深圳嘉立创科技集团股份有限公司\', \'SellerRegisterNum\': \'91440300795432869Y\', \'PurchaserName\': \'迈禾科技有限公司\', \'PurchaserRegisterNum\': \'91420111MA4KMELF75\', \'CommodityDetails\': [\'*印制电路板*线路板\', \'台\', \'计\'], \'totalPay\': \'166.84\'}  \n    2. 用户信息：\n    \n{\n    "UserName": "张三",\n    "Department": "信息管理中心",\n    "post" : "副教授",\n    "Balance": "1000.00",\n}\n\n    3. 报销政策：\n    设备报销政策（编）\n⼤学仪器设备报销管理⽅案\n第⼀章 总则\n第⼀条 ⽬的与适⽤范围\n为规范⼤学仪器设备的采购及报销流程，提⾼资⾦使⽤效益，特制定本⽅案。适⽤于\n全校范围内教职⼯及学⽣因教学、科研、实验等⼯作需要购买仪器设备的报销管理。\n第⼆条 原则\n\ue072\ue094\x00合规性原则：采购和报销需符合学校财务制度及相关法律法规。\n\ue073\ue094\x00合理性原则：采购的设备应与实际教学、科研需求相符。\n\ue074\ue094\x00透明性原则：设备报销须公开透明，接受监督。\n第⼆章 报销⼈⾝份要求\n第三条 报销⼈范围\n报销⼈分为以下三类：\n\ue072\ue094\x00教职⼯：\n学校正式在编教师、科研⼈员及⾏政管理⼈员。\n合同制聘⽤⼈员需提供聘⽤合同。\n\ue073\ue094\x00学⽣：\n硕⼠研究⽣、博⼠研究⽣及承担科研项⽬的本科⽣。\n学⽣报销需导师或项⽬负责⼈签字同意。\n\ue074\ue094\x00校外合作⼈员：\n承担学校合作项⽬的校外科研⼈员，需提供合作协议及项⽬负责⼈审批。\n第四条 报销资格验证\n报销⼈需提交以下材料：\n\ue072\ue094\x00个⼈⾝份认证（如教⼯证、学⽣证）。\ue073\ue094\x00项⽬证明⽂件（如课题⽴项通知书、任务书）。\n\ue074\ue094\x00设备⽤途说明书。\n第三章 报销额度要求\n第五条 报销额度限制\n根据报销⼈⾝份及项⽬类型设定额度：\n\ue072\ue094\x00教职⼯：\n每⼈每年最⾼报销额度为20万元，超出部分需额外审批。\n\ue073\ue094\x00学⽣：\n硕⼠研究⽣：单次报销额度不超过2万元。\n博⼠研究⽣：单次报销额度不超过5万元。\n\ue074\ue094\x00校外合作⼈员：\n报销额度与合作协议规定⼀致。\n第六条 特殊情况审批\n对于超出额度或特殊需求的设备采购，需提交以下材料：\n\ue072\ue094\x00详细的采购⽅案及预算。\n\ue073\ue094\x00使⽤必要性说明。\n\ue074\ue094\x00学校设备管理委员会审批意⻅。\n第四章 对设备的具体要求\n第七条 设备类别\n可报销设备类别包括但不限于：\n\ue072\ue094\x00实验室设备：如显微镜、光谱仪、分析仪器等。\n\ue073\ue094\x00教学辅助设备：如多媒体设备、投影仪、教学模型等。\n\ue074\ue094\x00科研设备：如数据采集仪、测量仪、仿真软件等。\n第⼋条 设备采购要求\n\ue072\ue094\x00必要性：设备采购需与教学或科研任务直接相关。\ue073\ue094\x00性价⽐：优先选择性价⽐⾼的品牌及型号。\n\ue074\ue094\x00环保性：⿎励购买符合节能环保标准的设备。\n第九条 设备价格限制\n\ue072\ue094\x00单价低于5万元的设备，由报销⼈⾃主选择供应商。\n\ue073\ue094\x00单价⾼于5万元的设备，需经校招标部⻔集中采购。\n第五章 报销流程\n第⼗条 报销步骤\n\ue072\ue094\x00申请阶段：\n填写《设备采购报销申请表》。\n附上设备采购发票、合同及验收单。\n\ue073\ue094\x00审批阶段：\n报销⼈所在部⻔初审。\n财务处复审并提交设备管理委员会核准。\n\ue074\ue094\x00报销阶段：\n经审批通过后，提交报销单据⾄财务处。\n财务处审核⽆误后拨付款项。\n第⼗⼀条 审批时限\n正常审批流程不超过10个⼯作⽇，特殊审批流程不超过20个⼯作⽇。\n第六章 其他规定\n第⼗⼆条 设备验收\n\ue072\ue094\x00所有设备采购完成后需进⾏验收，确保与订单⼀致。\n\ue073\ue094\x00验收由设备使⽤⼈及部⻔负责⼈共同完成，并提交验收报告。\n第⼗三条 报销周期\n\ue072\ue094\x00报销申请应在设备采购完成后60天内提交。\ue073\ue094\x00逾期未报销的，需额外说明原因并报设备管理委员会审批。\n第⼗四条 违规处罚\n\ue072\ue094\x00提供虚假发票或不符合要求的设备将追究相关责任。\n\ue073\ue094\x00情节严重的，报销⼈将被列⼊⿊名单，取消后续报销资格。\n第七章 附则\n第⼗五条 本⽅案解释权\n本⽅案由学校财务处及设备管理委员会共同负责解释。\n第⼗六条 ⽣效时间\n本⽅案⾃发布之⽇起施⾏。\n\n    **任务**：  \n    - 判断发票内容是否符合报销政策要求。  \n    - 计算实际可报销金额，并指出超限额或特殊审批需求。  \n    - 提供政策适用的具体条款依据及注意事项。  \n\n    **输出**：  \n    - 报销判断结果（可报销/不可报销）及理由。  \n    - 适用的政策条款及依据。  \n    - 可报销金额及相关限制说明。  \n    - 必要的操作建议或提交材料清单（如需额外审批）。  \n\n    **要求**：  \n    确保推理结果准确且易于理解，反馈信息结构化（JSON 格式），支持多样化政策和复杂报销场景。\n    <|assistant|>\n```json\n{\n  "报销判断结果": "可报销",\n  "理由": "根据提供的发票信息和报销政策，发票内容符合以下要求：\\n1. 发票信息完整，包括发票号码、日期、购买人、销售方、商品明细等。\\n2. 商品明细与设备类别要求相符，即印制电路板属于科研设备类别。\\n3. 报销人张三为教职员工，符合报销人身份要求。\\n4. 报销金额未超过教职员工每年的最高报销额度。",\n  "适用的政策条款及依据": {\n    "身份要求": "第二章 报销人身份要求 第三条 报销人范围",\n    "报销额度限制": "第三章 报销额度要求 第五条 报销额度限制"\n  },\n  "可报销金额及相关限制说明": {\n    "总金额": "166.84",\n    "限制": "教职员工每年最高报销额度为20万元，本次报销未超过此限额。"\n  },\n  "操作建议或提交材料清单": {\n    "验收": "根据第六章 其他规定 第十二条 设备验收，需进行设备验收并提交验收报告。",\n    "报销周期": "根据第六章 其他规定 第十三条 报销周期，报销申请应在设备采购完成后60天内提交。"\n  }\n}\n```<|user|>'}} 

2024-12-09 18:24:57,871 - SimpleLogger - INFO - result::::::::::::
 {'extracted_fields': {'InvoiceNum': '24952000000029282138', 'InvoiceDate': '2024年03月11日', 'NoteDrawer': '王柏友', 'TotalAmount': '166.84', 'TotalTax': '19.19', 'SellerName': '深圳嘉立创科技集团股份有限公司', 'SellerRegisterNum': '91440300795432869Y', 'PurchaserName': '迈禾科技有限公司', 'PurchaserRegisterNum': '91420111MA4KMELF75', 'CommodityDetails': ['*印制电路板*线路板', '台', '计'], 'totalPay': '166.84'}, 'category': {'response': '[gMASK]<sop><|user|>\n\n    **输入**：  \n    1. 发票信息：\n    {\'InvoiceNum\': \'24952000000029282138\', \'InvoiceDate\': \'2024年03月11日\', \'NoteDrawer\': \'王柏友\', \'TotalAmount\': \'166.84\', \'TotalTax\': \'19.19\', \'SellerName\': \'深圳嘉立创科技集团股份有限公司\', \'SellerRegisterNum\': \'91440300795432869Y\', \'PurchaserName\': \'迈禾科技有限公司\', \'PurchaserRegisterNum\': \'91420111MA4KMELF75\', \'CommodityDetails\': [\'*印制电路板*线路板\', \'台\', \'计\'], \'totalPay\': \'166.84\'}  \n    2. 用户信息：\n    \n{\n    "UserName": "张三",\n    "Department": "信息管理中心",\n    "post" : "副教授",\n    "Balance": "1000.00",\n}\n\n    3. 报销政策：\n    设备报销政策（编）\n⼤学仪器设备报销管理⽅案\n第⼀章 总则\n第⼀条 ⽬的与适⽤范围\n为规范⼤学仪器设备的采购及报销流程，提⾼资⾦使⽤效益，特制定本⽅案。适⽤于\n全校范围内教职⼯及学⽣因教学、科研、实验等⼯作需要购买仪器设备的报销管理。\n第⼆条 原则\n\ue072\ue094\x00合规性原则：采购和报销需符合学校财务制度及相关法律法规。\n\ue073\ue094\x00合理性原则：采购的设备应与实际教学、科研需求相符。\n\ue074\ue094\x00透明性原则：设备报销须公开透明，接受监督。\n第⼆章 报销⼈⾝份要求\n第三条 报销⼈范围\n报销⼈分为以下三类：\n\ue072\ue094\x00教职⼯：\n学校正式在编教师、科研⼈员及⾏政管理⼈员。\n合同制聘⽤⼈员需提供聘⽤合同。\n\ue073\ue094\x00学⽣：\n硕⼠研究⽣、博⼠研究⽣及承担科研项⽬的本科⽣。\n学⽣报销需导师或项⽬负责⼈签字同意。\n\ue074\ue094\x00校外合作⼈员：\n承担学校合作项⽬的校外科研⼈员，需提供合作协议及项⽬负责⼈审批。\n第四条 报销资格验证\n报销⼈需提交以下材料：\n\ue072\ue094\x00个⼈⾝份认证（如教⼯证、学⽣证）。\ue073\ue094\x00项⽬证明⽂件（如课题⽴项通知书、任务书）。\n\ue074\ue094\x00设备⽤途说明书。\n第三章 报销额度要求\n第五条 报销额度限制\n根据报销⼈⾝份及项⽬类型设定额度：\n\ue072\ue094\x00教职⼯：\n每⼈每年最⾼报销额度为20万元，超出部分需额外审批。\n\ue073\ue094\x00学⽣：\n硕⼠研究⽣：单次报销额度不超过2万元。\n博⼠研究⽣：单次报销额度不超过5万元。\n\ue074\ue094\x00校外合作⼈员：\n报销额度与合作协议规定⼀致。\n第六条 特殊情况审批\n对于超出额度或特殊需求的设备采购，需提交以下材料：\n\ue072\ue094\x00详细的采购⽅案及预算。\n\ue073\ue094\x00使⽤必要性说明。\n\ue074\ue094\x00学校设备管理委员会审批意⻅。\n第四章 对设备的具体要求\n第七条 设备类别\n可报销设备类别包括但不限于：\n\ue072\ue094\x00实验室设备：如显微镜、光谱仪、分析仪器等。\n\ue073\ue094\x00教学辅助设备：如多媒体设备、投影仪、教学模型等。\n\ue074\ue094\x00科研设备：如数据采集仪、测量仪、仿真软件等。\n第⼋条 设备采购要求\n\ue072\ue094\x00必要性：设备采购需与教学或科研任务直接相关。\ue073\ue094\x00性价⽐：优先选择性价⽐⾼的品牌及型号。\n\ue074\ue094\x00环保性：⿎励购买符合节能环保标准的设备。\n第九条 设备价格限制\n\ue072\ue094\x00单价低于5万元的设备，由报销⼈⾃主选择供应商。\n\ue073\ue094\x00单价⾼于5万元的设备，需经校招标部⻔集中采购。\n第五章 报销流程\n第⼗条 报销步骤\n\ue072\ue094\x00申请阶段：\n填写《设备采购报销申请表》。\n附上设备采购发票、合同及验收单。\n\ue073\ue094\x00审批阶段：\n报销⼈所在部⻔初审。\n财务处复审并提交设备管理委员会核准。\n\ue074\ue094\x00报销阶段：\n经审批通过后，提交报销单据⾄财务处。\n财务处审核⽆误后拨付款项。\n第⼗⼀条 审批时限\n正常审批流程不超过10个⼯作⽇，特殊审批流程不超过20个⼯作⽇。\n第六章 其他规定\n第⼗⼆条 设备验收\n\ue072\ue094\x00所有设备采购完成后需进⾏验收，确保与订单⼀致。\n\ue073\ue094\x00验收由设备使⽤⼈及部⻔负责⼈共同完成，并提交验收报告。\n第⼗三条 报销周期\n\ue072\ue094\x00报销申请应在设备采购完成后60天内提交。\ue073\ue094\x00逾期未报销的，需额外说明原因并报设备管理委员会审批。\n第⼗四条 违规处罚\n\ue072\ue094\x00提供虚假发票或不符合要求的设备将追究相关责任。\n\ue073\ue094\x00情节严重的，报销⼈将被列⼊⿊名单，取消后续报销资格。\n第七章 附则\n第⼗五条 本⽅案解释权\n本⽅案由学校财务处及设备管理委员会共同负责解释。\n第⼗六条 ⽣效时间\n本⽅案⾃发布之⽇起施⾏。\n\n    **任务**：  \n    - 判断发票内容是否符合报销政策要求。  \n    - 计算实际可报销金额，并指出超限额或特殊审批需求。  \n    - 提供政策适用的具体条款依据及注意事项。  \n\n    **输出**：  \n    - 报销判断结果（可报销/不可报销）及理由。  \n    - 适用的政策条款及依据。  \n    - 可报销金额及相关限制说明。  \n    - 必要的操作建议或提交材料清单（如需额外审批）。  \n\n    **要求**：  \n    确保推理结果准确且易于理解，反馈信息结构化（JSON 格式），支持多样化政策和复杂报销场景。\n    <|assistant|>\n```json\n{\n  "报销判断结果": "可报销",\n  "理由": "根据提供的发票信息和报销政策，发票内容符合以下要求：\\n1. 发票信息完整，包括发票号码、日期、购买人、销售方、商品明细等。\\n2. 商品明细与设备类别要求相符，即印制电路板属于科研设备类别。\\n3. 报销人张三为教职员工，符合报销人身份要求。\\n4. 报销金额未超过教职员工每年的最高报销额度。",\n  "适用的政策条款及依据": {\n    "总则": "第一章 总则 第三条 报销人范围",\n    "设备类别": "第四章 对设备的具体要求 第七条 设备类别",\n    "报销额度要求": "第三章 报销额度要求 第五条 报销额度限制"\n  },\n  "可报销金额及相关限制说明": {\n    "实际可报销金额": "166.84元",\n    "额度限制": "教职员工每年最高报销额度为20万元，本次报销未超过此限额。"\n  },\n  "操作建议或提交材料清单": {\n    "申请阶段": "填写《设备采购报销申请表》，附上设备采购发票、合同及验收单。",\n    "审批阶段": "报销人所在部门初审，财务处复审并提交设备管理委员会核准。",\n    "注意事项": "1. 确保设备采购与教学或科研任务直接相关。2. 提交报销申请应在设备采购完成后60天内。3. 如有特殊情况，需提交详细的采购方案及预算、使用必要性说明和学校设备管理委员会审批意见。"\n  }\n}\n```<|user|>'}} 

